<?xml version="1.0" encoding="UTF-8"?>
<testng-results ignored="0" total="1" passed="0" failed="1" skipped="0">
  <reporter-output>
    <line>
      <![CDATA[===========Launchingchrome================]]>
    </line>
  </reporter-output>
  <suite started-at="2024-04-25T16:43:47Z" name="Default suite" finished-at="2024-04-25T16:43:55Z" duration-ms="7312">
    <groups>
      <group name="RT">
        <method signature="CreateCustomerAndProjectTest.createProjectAndCustomer()[pri:0, instance:TestScript.CreateCustomerAndProjectTest@6239aba6]" name="createProjectAndCustomer" class="TestScript.CreateCustomerAndProjectTest"/>
      </group> <!-- RT -->
      <group name="IT">
        <method signature="CreateCustomerAndProjectTest.createProjectAndCustomer()[pri:0, instance:TestScript.CreateCustomerAndProjectTest@6239aba6]" name="createProjectAndCustomer" class="TestScript.CreateCustomerAndProjectTest"/>
      </group> <!-- IT -->
    </groups>
    <test started-at="2024-04-25T16:43:47Z" name="Default test" finished-at="2024-04-25T16:43:55Z" duration-ms="7312">
      <class name="TestScript.CreateCustomerAndProjectTest">
        <test-method is-config="true" signature="launchBrowser(java.lang.String)[pri:0, instance:TestScript.CreateCustomerAndProjectTest@6239aba6]" started-at="2024-04-25T16:43:47Z" name="launchBrowser" finished-at="2024-04-25T16:43:49Z" duration-ms="1568" status="PASS">
          <params>
            <param index="0">
              <value>
                <![CDATA[chrome]]>
              </value>
            </param>
          </params>
          <reporter-output>
            <line>
              <![CDATA[===========Launchingchrome================]]>
            </line>
          </reporter-output>
        </test-method> <!-- launchBrowser -->
        <test-method signature="createProjectAndCustomer()[pri:0, instance:TestScript.CreateCustomerAndProjectTest@6239aba6]" started-at="2024-04-25T16:43:49Z" name="createProjectAndCustomer" finished-at="2024-04-25T16:43:55Z" duration-ms="5522" status="FAIL">
          <exception class="org.openqa.selenium.NoSuchElementException">
            <message>
              <![CDATA[Unable to find element with locator By.xpath: //a[text()='Projects & Customers']
For documentation on this error, please visit: https://www.selenium.dev/documentation/webdriver/troubleshooting/errors#no-such-element-exception
Build info: version: '4.15.0', revision: '1d14b5521b'
System info: os.name: 'Windows 11', os.arch: 'amd64', os.version: '10.0', java.version: '17.0.4.1'
Driver info: driver.version: RemoteWebDriver]]>
            </message>
            <full-stacktrace>
              <![CDATA[org.openqa.selenium.NoSuchElementException: Unable to find element with locator By.xpath: //a[text()='Projects & Customers']
For documentation on this error, please visit: https://www.selenium.dev/documentation/webdriver/troubleshooting/errors#no-such-element-exception
Build info: version: '4.15.0', revision: '1d14b5521b'
System info: os.name: 'Windows 11', os.arch: 'amd64', os.version: '10.0', java.version: '17.0.4.1'
Driver info: driver.version: RemoteWebDriver
at org.openqa.selenium.remote.ElementLocation$ElementFinder$2.findElement(ElementLocation.java:168)
at org.openqa.selenium.remote.ElementLocation.findElement(ElementLocation.java:59)
at org.openqa.selenium.remote.RemoteWebDriver.findElement(RemoteWebDriver.java:364)
at org.openqa.selenium.remote.RemoteWebDriver.findElement(RemoteWebDriver.java:358)
at org.openqa.selenium.support.pagefactory.DefaultElementLocator.findElement(DefaultElementLocator.java:68)
at org.openqa.selenium.support.pagefactory.internal.LocatingElementHandler.invoke(LocatingElementHandler.java:38)
at jdk.proxy2/jdk.proxy2.$Proxy15.click(Unknown Source)
at POM.TaskPage.CreateProjectAndCustomer(TaskPage.java:26)
at TestScript.CreateCustomerAndProjectTest.createProjectAndCustomer(CreateCustomerAndProjectTest.java:32)
at java.base/jdk.internal.reflect.NativeMethodAccessorImpl.invoke0(Native Method)
at java.base/jdk.internal.reflect.NativeMethodAccessorImpl.invoke(NativeMethodAccessorImpl.java:77)
at java.base/jdk.internal.reflect.DelegatingMethodAccessorImpl.invoke(DelegatingMethodAccessorImpl.java:43)
at java.base/java.lang.reflect.Method.invoke(Method.java:568)
at org.testng.internal.MethodInvocationHelper.invokeMethod(MethodInvocationHelper.java:124)
at org.testng.internal.Invoker.invokeMethod(Invoker.java:583)
at org.testng.internal.Invoker.invokeTestMethod(Invoker.java:719)
at org.testng.internal.Invoker.invokeTestMethods(Invoker.java:989)
at org.testng.internal.TestMethodWorker.invokeTestMethods(TestMethodWorker.java:125)
at org.testng.internal.TestMethodWorker.run(TestMethodWorker.java:109)
at org.testng.TestRunner.privateRun(TestRunner.java:648)
at org.testng.TestRunner.run(TestRunner.java:505)
at org.testng.SuiteRunner.runTest(SuiteRunner.java:455)
at org.testng.SuiteRunner.runSequentially(SuiteRunner.java:450)
at org.testng.SuiteRunner.privateRun(SuiteRunner.java:415)
at org.testng.SuiteRunner.run(SuiteRunner.java:364)
at org.testng.SuiteRunnerWorker.runSuite(SuiteRunnerWorker.java:52)
at org.testng.SuiteRunnerWorker.run(SuiteRunnerWorker.java:84)
at org.testng.TestNG.runSuitesSequentially(TestNG.java:1208)
at org.testng.TestNG.runSuitesLocally(TestNG.java:1137)
at org.testng.TestNG.runSuites(TestNG.java:1049)
at org.testng.TestNG.run(TestNG.java:1017)
at org.testng.remote.AbstractRemoteTestNG.run(AbstractRemoteTestNG.java:115)
at org.testng.remote.RemoteTestNG.initAndRun(RemoteTestNG.java:293)
at org.testng.remote.RemoteTestNG.main(RemoteTestNG.java:91)
]]>
            </full-stacktrace>
          </exception> <!-- org.openqa.selenium.NoSuchElementException -->
          <reporter-output>
          </reporter-output>
        </test-method> <!-- createProjectAndCustomer -->
        <test-method is-config="true" signature="tearDown()[pri:0, instance:TestScript.CreateCustomerAndProjectTest@6239aba6]" started-at="2024-04-25T16:43:55Z" name="tearDown" finished-at="2024-04-25T16:43:55Z" duration-ms="174" status="PASS">
          <reporter-output>
          </reporter-output>
        </test-method> <!-- tearDown -->
      </class> <!-- TestScript.CreateCustomerAndProjectTest -->
    </test> <!-- Default test -->
  </suite> <!-- Default suite -->
</testng-results>
